<?xml version="1.0" encoding="UTF-8"?>
<!-- Generated by org.testng.reporters.JUnitXMLReporter -->
<testsuite hostname="H5" ignored="0" name="Test" tests="4" failures="0" timestamp="04 Aug 2017 09:36:41 GMT" time="54.799" errors="0">
  <testcase name="newUserRegistration" time="10.197" classname="MavenProj.homePage.TC_newUser"/>
  <testcase name="newUserRegistration" time="8.449" classname="MavenProj.homePage.TC_newUser"/>
  <testcase name="newUserRegistration" time="0.004" classname="MavenProj.homePage.TC_newUser">
    <skipped/>
  </testcase> <!-- newUserRegistration -->
  <testcase name="newUserRegistration" time="13.027" classname="MavenProj.homePage.TC_newUser"/>
</testsuite> <!-- Test -->
